<?xml version="1.0" encoding="UTF-8"?>
<testsuite xmlns:xsi="http://www.w3.org/2001/XMLSchema-instance" xsi:noNamespaceSchemaLocation="https://maven.apache.org/surefire/maven-surefire-plugin/xsd/surefire-test-report-3.0.xsd" version="3.0" name="com.patecan.fullstackapp.repository.CustomerRepositoryTest" time="2.454" tests="4" errors="0" skipped="0" failures="0">
  <properties>
[...]
</properties>
  <testcase name="checkExistedEmail" classname="com.patecan.fullstackapp.repository.CustomerRepositoryTest" time="0.012">
    <system-out><![CDATA[11:42:19.558 [main] INFO tc.postgres:15 -- Creating container for image: postgres:15
11:42:19.597 [main] INFO tc.postgres:15 -- Container postgres:15 is starting: 47551d7c35f6c28de8c3cbf81ef3d0dc4e9cc860cc5c268b05c08bdf62221631
11:42:20.353 [main] INFO tc.postgres:15 -- Container postgres:15 started in PT0.795014S
11:42:20.354 [main] INFO tc.postgres:15 -- Container is started (JDBC URL: jdbc:postgresql://localhost:65312/test?loggerLevel=OFF)
11:42:20.414 [main] INFO org.springframework.test.context.support.AnnotationConfigContextLoaderUtils -- Could not detect default configuration classes for test class [com.patecan.fullstackapp.repository.CustomerRepositoryTest]: CustomerRepositoryTest does not declare any static, non-private, non-final, nested classes annotated with @Configuration.
11:42:20.477 [main] INFO org.springframework.boot.test.context.SpringBootTestContextBootstrapper -- Found @SpringBootConfiguration com.patecan.fullstackapp.Main for test class com.patecan.fullstackapp.repository.CustomerRepositoryTest
11:42:20.554 [main] INFO org.flywaydb.core.internal.database.base.BaseDatabaseType -- Database: jdbc:postgresql://localhost:65312/test (PostgreSQL 15.6)
11:42:20.567 [main] INFO org.flywaydb.core.internal.schemahistory.JdbcTableSchemaHistory -- Schema history table "public"."flyway_schema_history" does not exist yet
11:42:20.568 [main] INFO org.flywaydb.core.internal.command.DbValidate -- Successfully validated 3 migrations (execution time 00:00.004s)
11:42:20.582 [main] INFO org.flywaydb.core.internal.schemahistory.JdbcTableSchemaHistory -- Creating Schema History table "public"."flyway_schema_history" ...
11:42:20.611 [main] INFO org.flywaydb.core.internal.command.DbMigrate -- Current version of schema "public": << Empty Schema >>
11:42:20.614 [main] INFO org.flywaydb.core.internal.command.DbMigrate -- Migrating schema "public" to version "1 - Initial Setup"
11:42:20.625 [main] INFO org.flywaydb.core.internal.command.DbMigrate -- Migrating schema "public" to version "2 - Customer Table"
11:42:20.635 [main] INFO org.flywaydb.core.internal.command.DbMigrate -- Migrating schema "public" to version "3 - Add Country Column To Customer Table"
11:42:20.642 [main] INFO org.flywaydb.core.internal.command.DbMigrate -- Successfully applied 3 migrations to schema "public", now at version v3 (execution time 00:00.034s)
11:42:20.671 [main] INFO org.springframework.boot.devtools.restart.RestartApplicationListener -- Restart disabled due to context in which it is running

  .   ____          _            __ _ _
 /\\ / ___'_ __ _ _(_)_ __  __ _ \ \ \ \
( ( )\___ | '_ | '_| | '_ \/ _` | \ \ \ \
 \\/  ___)| |_)| | | | | || (_| |  ) ) ) )
  '  |____| .__|_| |_|_| |_\__, | / / / /
 =========|_|==============|___/=/_/_/_/
 :: Spring Boot ::                (v3.1.8)

2024-03-06T11:42:20.825+07:00  INFO 67371 --- [           main] c.p.f.repository.CustomerRepositoryTest  : Starting CustomerRepositoryTest using Java 18.0.1.1 with PID 67371 (started by trong in /Volumes/Patecan Disk/Amigocode FullStack/Project Files/fullstack-app)
2024-03-06T11:42:20.826+07:00  INFO 67371 --- [           main] c.p.f.repository.CustomerRepositoryTest  : No active profile set, falling back to 1 default profile: "default"
2024-03-06T11:42:20.959+07:00  INFO 67371 --- [           main] .s.d.r.c.RepositoryConfigurationDelegate : Multiple Spring Data modules found, entering strict repository configuration mode
2024-03-06T11:42:20.960+07:00  INFO 67371 --- [           main] .s.d.r.c.RepositoryConfigurationDelegate : Bootstrapping Spring Data JPA repositories in DEFAULT mode.
2024-03-06T11:42:21.033+07:00  INFO 67371 --- [           main] .s.d.r.c.RepositoryConfigurationDelegate : Finished Spring Data repository scanning in 68 ms. Found 1 JPA repository interface.
2024-03-06T11:42:21.164+07:00  INFO 67371 --- [           main] o.hibernate.jpa.internal.util.LogHelper  : HHH000204: Processing PersistenceUnitInfo [name: default]
2024-03-06T11:42:21.187+07:00  INFO 67371 --- [           main] org.hibernate.Version                    : HHH000412: Hibernate ORM core version 6.2.20.Final
2024-03-06T11:42:21.188+07:00  INFO 67371 --- [           main] org.hibernate.cfg.Environment            : HHH000406: Using bytecode reflection optimizer
2024-03-06T11:42:21.244+07:00  INFO 67371 --- [           main] o.s.o.j.p.SpringPersistenceUnitInfo      : No LoadTimeWeaver setup: ignoring JPA class transformer
2024-03-06T11:42:21.255+07:00  INFO 67371 --- [           main] com.zaxxer.hikari.HikariDataSource       : HikariPool-3 - Starting...
2024-03-06T11:42:21.275+07:00  INFO 67371 --- [           main] com.zaxxer.hikari.pool.HikariPool        : HikariPool-3 - Added connection org.postgresql.jdbc.PgConnection@31b7112d
2024-03-06T11:42:21.276+07:00  INFO 67371 --- [           main] com.zaxxer.hikari.HikariDataSource       : HikariPool-3 - Start completed.
2024-03-06T11:42:21.291+07:00  WARN 67371 --- [           main] org.hibernate.orm.deprecation            : HHH90000025: PostgreSQLDialect does not need to be specified explicitly using 'hibernate.dialect' (remove the property setting and it will be selected by default)
2024-03-06T11:42:21.573+07:00  INFO 67371 --- [           main] o.h.e.t.j.p.i.JtaPlatformInitiator       : HHH000489: No JTA platform available (set 'hibernate.transaction.jta.platform' to enable JTA platform integration)
2024-03-06T11:42:21.605+07:00  INFO 67371 --- [           main] j.LocalContainerEntityManagerFactoryBean : Initialized JPA EntityManagerFactory for persistence unit 'default'
2024-03-06T11:42:21.611+07:00  WARN 67371 --- [           main] JpaBaseConfiguration$JpaWebConfiguration : spring.jpa.open-in-view is enabled by default. Therefore, database queries may be performed during view rendering. Explicitly configure spring.jpa.open-in-view to disable this warning
2024-03-06T11:42:21.768+07:00  INFO 67371 --- [           main] c.p.f.repository.CustomerRepositoryTest  : Started CustomerRepositoryTest in 1.102 seconds (process running for 5.293)
]]></system-out>
  </testcase>
  <testcase name="selectAllCustomers" classname="com.patecan.fullstackapp.repository.CustomerRepositoryTest" time="0.075">
    <system-out><![CDATA[Hibernate: 
    insert 
    into
        customer
        (age,email,name) 
    values
        (?,?,?)
Hibernate: 
    select
        c1_0.id,
        c1_0.age,
        c1_0.email,
        c1_0.name 
    from
        customer c1_0
]]></system-out>
  </testcase>
  <testcase name="selectCustomerById" classname="com.patecan.fullstackapp.repository.CustomerRepositoryTest" time="0.008">
    <system-out><![CDATA[Hibernate: 
    insert 
    into
        customer
        (age,email,name) 
    values
        (?,?,?)
Hibernate: 
    select
        c1_0.id,
        c1_0.age,
        c1_0.email,
        c1_0.name 
    from
        customer c1_0
]]></system-out>
  </testcase>
  <testcase name="insertCustomer" classname="com.patecan.fullstackapp.repository.CustomerRepositoryTest" time="0.001"/>
</testsuite>