<?xml version="1.0" encoding="UTF-8"?>
<testsuite xmlns:xsi="http://www.w3.org/2001/XMLSchema-instance" xsi:noNamespaceSchemaLocation="https://maven.apache.org/surefire/maven-surefire-plugin/xsd/surefire-test-report-3.0.xsd" version="3.0" name="com.patecan.fullstackapp.journey.CustomerIntegrationTest" time="1.722" tests="2" errors="0" skipped="0" failures="0">
  <properties>
[...]
</properties>
  <testcase name="canFindCustomer" classname="com.patecan.fullstackapp.journey.CustomerIntegrationTest" time="0.406">
    <system-out><![CDATA[2024-04-22T12:08:16.652+07:00  INFO 14172 --- [           main] t.c.s.AnnotationConfigContextLoaderUtils : Could not detect default configuration classes for test class [com.patecan.fullstackapp.journey.CustomerIntegrationTest]: CustomerIntegrationTest does not declare any static, non-private, non-final, nested classes annotated with @Configuration.
2024-04-22T12:08:16.657+07:00  INFO 14172 --- [           main] .b.t.c.SpringBootTestContextBootstrapper : Found @SpringBootConfiguration com.patecan.fullstackapp.Main for test class com.patecan.fullstackapp.journey.CustomerIntegrationTest
2024-04-22T12:08:16.660+07:00  INFO 14172 --- [           main] o.s.b.d.r.RestartApplicationListener     : Restart disabled due to context in which it is running

  .   ____          _            __ _ _
 /\\ / ___'_ __ _ _(_)_ __  __ _ \ \ \ \
( ( )\___ | '_ | '_| | '_ \/ _` | \ \ \ \
 \\/  ___)| |_)| | | | | || (_| |  ) ) ) )
  '  |____| .__|_| |_|_| |_\__, | / / / /
 =========|_|==============|___/=/_/_/_/
 :: Spring Boot ::                (v3.1.8)

2024-04-22T12:08:16.678+07:00  INFO 14172 --- [           main] c.p.f.journey.CustomerIntegrationTest    : Starting CustomerIntegrationTest using Java 17.0.10 with PID 14172 (started by trong in /Volumes/Patecan Disk/Amigocode FullStack/Project Files/fullstack-practice)
2024-04-22T12:08:16.678+07:00  INFO 14172 --- [           main] c.p.f.journey.CustomerIntegrationTest    : No active profile set, falling back to 1 default profile: "default"
2024-04-22T12:08:17.003+07:00  INFO 14172 --- [           main] .s.d.r.c.RepositoryConfigurationDelegate : Multiple Spring Data modules found, entering strict repository configuration mode
2024-04-22T12:08:17.003+07:00  INFO 14172 --- [           main] .s.d.r.c.RepositoryConfigurationDelegate : Bootstrapping Spring Data JDBC repositories in DEFAULT mode.
2024-04-22T12:08:17.007+07:00  INFO 14172 --- [           main] .RepositoryConfigurationExtensionSupport : Spring Data JDBC - Could not safely identify store assignment for repository candidate interface com.patecan.fullstackapp.repository.CustomerRepository; If you want this repository to be a JDBC repository, consider annotating your entities with one of these annotations: org.springframework.data.relational.core.mapping.Table.
2024-04-22T12:08:17.007+07:00  INFO 14172 --- [           main] .s.d.r.c.RepositoryConfigurationDelegate : Finished Spring Data repository scanning in 4 ms. Found 0 JDBC repository interfaces.
2024-04-22T12:08:17.009+07:00  INFO 14172 --- [           main] .s.d.r.c.RepositoryConfigurationDelegate : Multiple Spring Data modules found, entering strict repository configuration mode
2024-04-22T12:08:17.009+07:00  INFO 14172 --- [           main] .s.d.r.c.RepositoryConfigurationDelegate : Bootstrapping Spring Data JPA repositories in DEFAULT mode.
2024-04-22T12:08:17.013+07:00  INFO 14172 --- [           main] .s.d.r.c.RepositoryConfigurationDelegate : Finished Spring Data repository scanning in 3 ms. Found 1 JPA repository interface.
2024-04-22T12:08:17.260+07:00  INFO 14172 --- [           main] o.s.b.w.embedded.tomcat.TomcatWebServer  : Tomcat initialized with port(s): 0 (http)
2024-04-22T12:08:17.270+07:00  INFO 14172 --- [           main] o.apache.catalina.core.StandardService   : Starting service [Tomcat]
2024-04-22T12:08:17.270+07:00  INFO 14172 --- [           main] o.apache.catalina.core.StandardEngine    : Starting Servlet engine: [Apache Tomcat/10.1.18]
2024-04-22T12:08:17.330+07:00  INFO 14172 --- [           main] o.a.c.c.C.[Tomcat].[localhost].[/]       : Initializing Spring embedded WebApplicationContext
2024-04-22T12:08:17.331+07:00  INFO 14172 --- [           main] w.s.c.ServletWebServerApplicationContext : Root WebApplicationContext: initialization completed in 651 ms
2024-04-22T12:08:17.397+07:00  INFO 14172 --- [           main] o.hibernate.jpa.internal.util.LogHelper  : HHH000204: Processing PersistenceUnitInfo [name: default]
2024-04-22T12:08:17.400+07:00  INFO 14172 --- [           main] o.s.o.j.p.SpringPersistenceUnitInfo      : No LoadTimeWeaver setup: ignoring JPA class transformer
2024-04-22T12:08:17.400+07:00  INFO 14172 --- [           main] com.zaxxer.hikari.HikariDataSource       : HikariPool-4 - Starting...
2024-04-22T12:08:17.417+07:00  INFO 14172 --- [           main] com.zaxxer.hikari.pool.HikariPool        : HikariPool-4 - Added connection org.postgresql.jdbc.PgConnection@65a42136
2024-04-22T12:08:17.417+07:00  INFO 14172 --- [           main] com.zaxxer.hikari.HikariDataSource       : HikariPool-4 - Start completed.
2024-04-22T12:08:17.420+07:00  WARN 14172 --- [           main] org.hibernate.orm.deprecation            : HHH90000025: PostgreSQLDialect does not need to be specified explicitly using 'hibernate.dialect' (remove the property setting and it will be selected by default)
2024-04-22T12:08:17.434+07:00  INFO 14172 --- [           main] o.h.e.t.j.p.i.JtaPlatformInitiator       : HHH000489: No JTA platform available (set 'hibernate.transaction.jta.platform' to enable JTA platform integration)
2024-04-22T12:08:17.452+07:00  INFO 14172 --- [           main] j.LocalContainerEntityManagerFactoryBean : Initialized JPA EntityManagerFactory for persistence unit 'default'
2024-04-22T12:08:17.517+07:00  WARN 14172 --- [           main] JpaBaseConfiguration$JpaWebConfiguration : spring.jpa.open-in-view is enabled by default. Therefore, database queries may be performed during view rendering. Explicitly configure spring.jpa.open-in-view to disable this warning
2024-04-22T12:08:17.740+07:00  INFO 14172 --- [           main] o.s.b.w.embedded.tomcat.TomcatWebServer  : Tomcat started on port(s): 64317 (http) with context path ''
2024-04-22T12:08:17.744+07:00  INFO 14172 --- [           main] c.p.f.journey.CustomerIntegrationTest    : Started CustomerIntegrationTest in 1.083 seconds (process running for 8.44)
2024-04-22T12:08:18.021+07:00 ERROR 14172 --- [           main] i.n.r.d.DnsServerAddressStreamProviders  : Unable to load io.netty.resolver.dns.macos.MacOSDnsServerAddressStreamProvider, fallback to system defaults. This may result in incorrect DNS resolutions on MacOS. Check whether you have a dependency on 'io.netty:netty-resolver-dns-native-macos'. Use DEBUG level to see the full stack: java.lang.UnsatisfiedLinkError: failed to load the required native library
2024-04-22T12:08:18.138+07:00  INFO 14172 --- [o-auto-1-exec-1] o.a.c.c.C.[Tomcat].[localhost].[/]       : Initializing Spring DispatcherServlet 'dispatcherServlet'
2024-04-22T12:08:18.138+07:00  INFO 14172 --- [o-auto-1-exec-1] o.s.web.servlet.DispatcherServlet        : Initializing Servlet 'dispatcherServlet'
2024-04-22T12:08:18.138+07:00  INFO 14172 --- [o-auto-1-exec-1] o.s.web.servlet.DispatcherServlet        : Completed initialization in 0 ms
Hibernate: 
    select
        c1_0.id 
    from
        customer c1_0 
    where
        c1_0.email=? 
    fetch
        first ? rows only
Hibernate: 
    insert 
    into
        customer
        (age,email,name) 
    values
        (?,?,?)
Hibernate: 
    select
        c1_0.id,
        c1_0.age,
        c1_0.email,
        c1_0.name 
    from
        customer c1_0
Hibernate: 
    select
        c1_0.id,
        c1_0.age,
        c1_0.email,
        c1_0.name 
    from
        customer c1_0 
    where
        c1_0.id=?
]]></system-out>
  </testcase>
  <testcase name="canCreateCustomer" classname="com.patecan.fullstackapp.journey.CustomerIntegrationTest" time="0.136">
    <system-out><![CDATA[Hibernate: 
    select
        c1_0.id 
    from
        customer c1_0 
    where
        c1_0.email=? 
    fetch
        first ? rows only
Hibernate: 
    insert 
    into
        customer
        (age,email,name) 
    values
        (?,?,?)
Hibernate: 
    select
        c1_0.id,
        c1_0.age,
        c1_0.email,
        c1_0.name 
    from
        customer c1_0
]]></system-out>
  </testcase>
</testsuite>